#! /c/Source/iverilog-install/bin/vvp
:ivl_version "12.0 (devel)" "(s20150603-1539-g2693dd32b)";
:ivl_delay_selection "TYPICAL";
:vpi_time_precision - 12;
:vpi_module "D:\iverilog\lib\ivl\system.vpi";
:vpi_module "D:\iverilog\lib\ivl\vhdl_sys.vpi";
:vpi_module "D:\iverilog\lib\ivl\vhdl_textio.vpi";
:vpi_module "D:\iverilog\lib\ivl\v2005_math.vpi";
:vpi_module "D:\iverilog\lib\ivl\va_math.vpi";
S_0000020047682000 .scope module, "tb_scarmbler_64b66b" "tb_scarmbler_64b66b" 2 10;
 .timescale -9 -12;
P_000002004760bf30 .param/l "WIDTH_CONT" 0 2 12, +C4<00000000000000000000000000000100>;
P_000002004760bf68 .param/l "WIDTH_DATA" 0 2 11, +C4<00000000000000000000000000100000>;
P_000002004760bfa0 .param/l "WIDTH_DOUT" 0 2 13, +C4<00000000000000000000000001000010>;
v00000200476a8060_0 .var "clk", 0 0;
v00000200476a8e20_0 .var "control_in", 3 0;
v00000200476a9aa0_0 .var "data_in", 31 0;
v00000200476a7980_0 .net "data_out", 65 0, L_00000200476a9780;  1 drivers
v00000200476a8920_0 .var "rst_n", 0 0;
E_000002004767ab00 .event posedge, v000002004767b390_0;
E_000002004767a380 .event negedge, v000002004767b390_0;
S_000002004761fb40 .scope module, "dut" "scarmbler_64b66b" 2 26, 3 8 0, S_0000020047682000;
 .timescale -9 -12;
    .port_info 0 /INPUT 1 "clk";
    .port_info 1 /INPUT 1 "rst_n";
    .port_info 2 /INPUT 32 "data_in";
    .port_info 3 /INPUT 4 "control_in";
    .port_info 4 /OUTPUT 66 "data_out";
P_000002004760c090 .param/l "WIDTH_CONT" 0 3 10, +C4<00000000000000000000000000000100>;
P_000002004760c0c8 .param/l "WIDTH_DATA" 0 3 9, +C4<00000000000000000000000000100000>;
P_000002004760c100 .param/l "WIDTH_DOUT" 0 3 11, +C4<00000000000000000000000001000010>;
v00000200476a7d40_0 .net *"_ivl_1", 0 0, L_00000200476a7ac0;  1 drivers
L_0000020047a84028 .functor BUFT 1, C4<10>, C4<0>, C4<0>, C4<0>;
v00000200476a82e0_0 .net/2u *"_ivl_2", 1 0, L_0000020047a84028;  1 drivers
L_0000020047a84070 .functor BUFT 1, C4<01>, C4<0>, C4<0>, C4<0>;
v00000200476a8ba0_0 .net/2u *"_ivl_4", 1 0, L_0000020047a84070;  1 drivers
v00000200476a8d80_0 .net "clk", 0 0, v00000200476a8060_0;  1 drivers
v00000200476a9640_0 .net "control_in", 3 0, v00000200476a8e20_0;  1 drivers
v00000200476a8380_0 .net "data_in", 31 0, v00000200476a9aa0_0;  1 drivers
v00000200476a96e0_0 .net "data_out", 65 0, L_00000200476a9780;  alias, 1 drivers
v00000200476a7840_0 .net "gearbox_control_out", 7 0, L_00000200476a8ec0;  1 drivers
v00000200476a87e0_0 .net "gearbox_data_out", 63 0, L_00000200476a7fc0;  1 drivers
v00000200476a8880_0 .net "lfsr_enable", 0 0, L_000002004767fe00;  1 drivers
v00000200476a7520_0 .net "rst_n", 0 0, v00000200476a8920_0;  1 drivers
v00000200476a81a0_0 .net "scrambler_reg", 63 0, v00000200476a89c0_0;  1 drivers
v00000200476a7a20_0 .net "sync_header", 1 0, L_00000200476a91e0;  1 drivers
L_00000200476a7ac0 .reduce/or v00000200476a8e20_0;
L_00000200476a91e0 .functor MUXZ 2, L_0000020047a84070, L_0000020047a84028, L_00000200476a7ac0, C4<>;
L_00000200476a9780 .concat [ 64 2 0 0], v00000200476a89c0_0, L_00000200476a91e0;
S_000002004761fcd0 .scope module, "gearbox_32b264b" "gearbox" 3 37, 4 4 0, S_000002004761fb40;
 .timescale -9 -12;
    .port_info 0 /INPUT 1 "clk";
    .port_info 1 /INPUT 1 "rst_n";
    .port_info 2 /INPUT 32 "data_in";
    .port_info 3 /INPUT 4 "control_in";
    .port_info 4 /OUTPUT 64 "data_out";
    .port_info 5 /OUTPUT 8 "control_out";
    .port_info 6 /OUTPUT 1 "enable_out";
P_00000200475f4530 .param/l "WIDTH_CONT" 0 4 6, +C4<00000000000000000000000000000100>;
P_00000200475f4568 .param/l "WIDTH_COUT" 0 4 8, +C4<00000000000000000000000000001000>;
P_00000200475f45a0 .param/l "WIDTH_DATA" 0 4 5, +C4<00000000000000000000000000100000>;
P_00000200475f45d8 .param/l "WIDTH_DOUT" 0 4 7, +C4<00000000000000000000000001000000>;
L_000002004767fe00 .functor BUFZ 1, v000002004762ca40_0, C4<0>, C4<0>, C4<0>;
v000002004767b390_0 .net "clk", 0 0, v00000200476a8060_0;  alias, 1 drivers
v000002004767cfb0_0 .net "control_in", 3 0, v00000200476a8e20_0;  alias, 1 drivers
v000002004767c470_0 .net "control_out", 7 0, L_00000200476a8ec0;  alias, 1 drivers
v000002004767bbb0_0 .var "control_reg", 3 0;
v000002004767c790_0 .net "data_in", 31 0, v00000200476a9aa0_0;  alias, 1 drivers
v000002004767ca10_0 .net "data_out", 63 0, L_00000200476a7fc0;  alias, 1 drivers
v000002004767cb50_0 .var "data_reg", 31 0;
v000002004762ca40_0 .var "enable", 0 0;
v000002004762d440_0 .net "enable_out", 0 0, L_000002004767fe00;  alias, 1 drivers
v000002004762cae0_0 .net "rst_n", 0 0, v00000200476a8920_0;  alias, 1 drivers
E_000002004767b100/0 .event negedge, v000002004762cae0_0;
E_000002004767b100/1 .event posedge, v000002004767b390_0;
E_000002004767b100 .event/or E_000002004767b100/0, E_000002004767b100/1;
L_00000200476a7fc0 .concat [ 32 32 0 0], v00000200476a9aa0_0, v000002004767cb50_0;
L_00000200476a8ec0 .concat [ 4 4 0 0], v00000200476a8e20_0, v000002004767bbb0_0;
S_000002004761c3f0 .scope module, "scrambler_64b66b" "lfsr" 3 51, 5 49 0, S_000002004761fb40;
 .timescale -9 -12;
    .port_info 0 /INPUT 1 "clk";
    .port_info 1 /INPUT 1 "rst_n";
    .port_info 2 /INPUT 64 "data_in";
    .port_info 3 /INPUT 1 "lfsr_enable";
    .port_info 4 /OUTPUT 64 "data_out";
P_000002004767a340 .param/l "TX_WIDTH" 0 5 50, +C4<00000000000000000000000001000000>;
L_000002004767f3f0 .functor XOR 1, L_00000200476a8f60, L_00000200476a9000, C4<0>, C4<0>;
L_000002004767fe70 .functor XOR 1, L_000002004767f3f0, L_00000200476a90a0, C4<0>, C4<0>;
L_000002004767f380 .functor XOR 1, L_00000200476a7b60, L_00000200476a9140, C4<0>, C4<0>;
L_000002004767f460 .functor XOR 1, L_000002004767f380, L_00000200476a7ca0, C4<0>, C4<0>;
L_000002004767f930 .functor XOR 1, L_00000200476a9820, L_00000200476a9280, C4<0>, C4<0>;
L_000002004767f4d0 .functor XOR 1, L_000002004767f930, L_00000200476a9320, C4<0>, C4<0>;
L_000002004767f9a0 .functor XOR 1, L_00000200476a7e80, L_00000200476a93c0, C4<0>, C4<0>;
L_000002004767f700 .functor XOR 1, L_000002004767f9a0, L_00000200476a7de0, C4<0>, C4<0>;
L_000002004767f5b0 .functor XOR 1, L_00000200476a98c0, L_00000200476a9960, C4<0>, C4<0>;
L_000002004767f770 .functor XOR 1, L_000002004767f5b0, L_00000200476a9a00, C4<0>, C4<0>;
L_000002004767f7e0 .functor XOR 1, L_00000200476a9b40, L_00000200476a9be0, C4<0>, C4<0>;
L_000002004767f850 .functor XOR 1, L_000002004767f7e0, L_00000200476a9e60, C4<0>, C4<0>;
L_000002004767fa10 .functor XOR 1, L_00000200476aa900, L_00000200476aa680, C4<0>, C4<0>;
L_000002004767f8c0 .functor XOR 1, L_000002004767fa10, L_00000200476aa0e0, C4<0>, C4<0>;
L_000002004767fa80 .functor XOR 1, L_00000200476aaf40, L_00000200476aa720, C4<0>, C4<0>;
L_000002004767faf0 .functor XOR 1, L_000002004767fa80, L_00000200476a9d20, C4<0>, C4<0>;
L_000002004761ef00 .functor XOR 1, L_00000200476a9dc0, L_00000200476ab3a0, C4<0>, C4<0>;
L_0000020047acc860 .functor XOR 1, L_000002004761ef00, L_00000200476aa9a0, C4<0>, C4<0>;
L_0000020047acc710 .functor XOR 1, L_00000200476aa7c0, L_00000200476ab260, C4<0>, C4<0>;
L_0000020047acc390 .functor XOR 1, L_0000020047acc710, L_00000200476aaae0, C4<0>, C4<0>;
L_0000020047accb70 .functor XOR 1, L_00000200476aad60, L_00000200476aaa40, C4<0>, C4<0>;
L_0000020047acccc0 .functor XOR 1, L_0000020047accb70, L_00000200476aa540, C4<0>, C4<0>;
L_0000020047acc0f0 .functor XOR 1, L_00000200476a9f00, L_00000200476aae00, C4<0>, C4<0>;
L_0000020047acc400 .functor XOR 1, L_0000020047acc0f0, L_00000200476aa400, C4<0>, C4<0>;
L_0000020047accef0 .functor XOR 1, L_00000200476aab80, L_00000200476aa860, C4<0>, C4<0>;
L_0000020047acc550 .functor XOR 1, L_0000020047accef0, L_00000200476aa4a0, C4<0>, C4<0>;
L_0000020047acc9b0 .functor XOR 1, L_00000200476aac20, L_00000200476aa180, C4<0>, C4<0>;
L_0000020047acc080 .functor XOR 1, L_0000020047acc9b0, L_00000200476aacc0, C4<0>, C4<0>;
L_0000020047acc320 .functor XOR 1, L_00000200476aaea0, L_00000200476ab300, C4<0>, C4<0>;
L_0000020047acca90 .functor XOR 1, L_0000020047acc320, L_00000200476aafe0, C4<0>, C4<0>;
L_0000020047acc470 .functor XOR 1, L_00000200476ab080, L_00000200476aa220, C4<0>, C4<0>;
L_0000020047acc2b0 .functor XOR 1, L_0000020047acc470, L_00000200476a9fa0, C4<0>, C4<0>;
L_0000020047acc780 .functor XOR 1, L_00000200476ab120, L_00000200476ab1c0, C4<0>, C4<0>;
L_0000020047accc50 .functor XOR 1, L_0000020047acc780, L_00000200476aa040, C4<0>, C4<0>;
L_0000020047acc630 .functor XOR 1, L_00000200476aa2c0, L_00000200476aa360, C4<0>, C4<0>;
L_0000020047acc160 .functor XOR 1, L_0000020047acc630, L_00000200476aa5e0, C4<0>, C4<0>;
L_0000020047acce10 .functor XOR 1, L_0000020047ace180, L_0000020047acde60, C4<0>, C4<0>;
L_0000020047accbe0 .functor XOR 1, L_0000020047acce10, L_0000020047acf080, C4<0>, C4<0>;
L_0000020047acc7f0 .functor XOR 1, L_0000020047acd460, L_0000020047ace900, C4<0>, C4<0>;
L_0000020047acce80 .functor XOR 1, L_0000020047acc7f0, L_0000020047acf120, C4<0>, C4<0>;
L_0000020047acc6a0 .functor XOR 1, L_0000020047acd280, L_0000020047ace220, C4<0>, C4<0>;
L_0000020047acc4e0 .functor XOR 1, L_0000020047acc6a0, L_0000020047acd0a0, C4<0>, C4<0>;
L_0000020047acc5c0 .functor XOR 1, L_0000020047acd780, L_0000020047acddc0, C4<0>, C4<0>;
L_0000020047acc8d0 .functor XOR 1, L_0000020047acc5c0, L_0000020047acf4e0, C4<0>, C4<0>;
L_0000020047accf60 .functor XOR 1, L_0000020047aceb80, L_0000020047ace720, C4<0>, C4<0>;
L_0000020047acc940 .functor XOR 1, L_0000020047accf60, L_0000020047acd140, C4<0>, C4<0>;
L_0000020047acca20 .functor XOR 1, L_0000020047ace7c0, L_0000020047acdf00, C4<0>, C4<0>;
L_0000020047acc1d0 .functor XOR 1, L_0000020047acca20, L_0000020047acd500, C4<0>, C4<0>;
L_0000020047accb00 .functor XOR 1, L_0000020047ace9a0, L_0000020047aced60, C4<0>, C4<0>;
L_0000020047acc240 .functor XOR 1, L_0000020047accb00, L_0000020047acdfa0, C4<0>, C4<0>;
L_0000020047accd30 .functor XOR 1, L_0000020047acea40, L_0000020047acdaa0, C4<0>, C4<0>;
L_0000020047accda0 .functor XOR 1, L_0000020047accd30, L_0000020047acf580, C4<0>, C4<0>;
L_0000020047ad5c80 .functor XOR 1, L_0000020047aceae0, L_0000020047acd1e0, C4<0>, C4<0>;
L_0000020047ad5cf0 .functor XOR 1, L_0000020047ad5c80, L_0000020047acf760, C4<0>, C4<0>;
L_0000020047ad59e0 .functor XOR 1, L_0000020047acd5a0, L_0000020047acd640, C4<0>, C4<0>;
L_0000020047ad5120 .functor XOR 1, L_0000020047ad59e0, L_0000020047ace040, C4<0>, C4<0>;
L_0000020047ad5b30 .functor XOR 1, L_0000020047acec20, L_0000020047acf620, C4<0>, C4<0>;
L_0000020047ad5190 .functor XOR 1, L_0000020047ad5b30, L_0000020047acecc0, C4<0>, C4<0>;
L_0000020047ad5890 .functor XOR 1, L_0000020047acdc80, L_0000020047acee00, C4<0>, C4<0>;
L_0000020047ad5740 .functor XOR 1, L_0000020047ad5890, L_0000020047acdb40, C4<0>, C4<0>;
L_0000020047ad5900 .functor XOR 1, L_0000020047acd6e0, L_0000020047acda00, C4<0>, C4<0>;
L_0000020047ad56d0 .functor XOR 1, L_0000020047ad5900, L_0000020047acf1c0, C4<0>, C4<0>;
L_0000020047ad5c10 .functor XOR 1, L_0000020047acf6c0, L_0000020047acdbe0, C4<0>, C4<0>;
L_0000020047ad50b0 .functor XOR 1, L_0000020047ad5c10, L_0000020047acd320, C4<0>, C4<0>;
L_0000020047ad5270 .functor XOR 1, L_0000020047ace860, L_0000020047acd3c0, C4<0>, C4<0>;
L_0000020047ad5a50 .functor XOR 1, L_0000020047ad5270, L_0000020047ace0e0, C4<0>, C4<0>;
L_0000020047ad5d60 .functor XOR 1, L_0000020047acf300, L_0000020047ace2c0, C4<0>, C4<0>;
L_0000020047ad57b0 .functor XOR 1, L_0000020047ad5d60, L_0000020047ace360, C4<0>, C4<0>;
L_0000020047ad5dd0 .functor XOR 1, L_0000020047aceea0, L_0000020047ace400, C4<0>, C4<0>;
L_0000020047ad5ba0 .functor XOR 1, L_0000020047ad5dd0, L_0000020047ace4a0, C4<0>, C4<0>;
L_0000020047ad5820 .functor XOR 1, L_0000020047acd820, L_0000020047ace5e0, C4<0>, C4<0>;
L_0000020047ad5e40 .functor XOR 1, L_0000020047ad5820, L_0000020047acef40, C4<0>, C4<0>;
L_0000020047ad5200 .functor XOR 1, L_0000020047acd8c0, L_0000020047acf260, C4<0>, C4<0>;
L_0000020047ad5eb0 .functor XOR 1, L_0000020047ad5200, L_0000020047acefe0, C4<0>, C4<0>;
L_0000020047ad5430 .functor XOR 1, L_0000020047acf800, L_0000020047acd960, C4<0>, C4<0>;
L_0000020047ad5f20 .functor XOR 1, L_0000020047ad5430, L_0000020047acdd20, C4<0>, C4<0>;
L_0000020047ad5970 .functor XOR 1, L_0000020047acf3a0, L_0000020047ace540, C4<0>, C4<0>;
L_0000020047ad5f90 .functor XOR 1, L_0000020047ad5970, L_0000020047ace680, C4<0>, C4<0>;
L_0000020047ad52e0 .functor XOR 1, L_0000020047acf440, L_0000020047ad0c00, C4<0>, C4<0>;
L_0000020047ad5350 .functor XOR 1, L_0000020047ad52e0, L_0000020047ad05c0, C4<0>, C4<0>;
L_0000020047ad53c0 .functor XOR 1, L_0000020047ad00c0, L_0000020047ad0700, C4<0>, C4<0>;
L_0000020047ad54a0 .functor XOR 1, L_0000020047ad53c0, L_0000020047ad0ca0, C4<0>, C4<0>;
L_0000020047ad5510 .functor XOR 1, L_0000020047ad0200, L_0000020047acf8a0, C4<0>, C4<0>;
L_0000020047ad5580 .functor XOR 1, L_0000020047ad5510, L_0000020047ad0520, C4<0>, C4<0>;
L_0000020047ad5660 .functor XOR 1, L_0000020047ad0d40, L_0000020047ad0de0, C4<0>, C4<0>;
L_0000020047ad55f0 .functor XOR 1, L_0000020047ad5660, L_0000020047ad03e0, C4<0>, C4<0>;
L_0000020047ad5ac0 .functor XOR 1, L_0000020047ad02a0, L_0000020047acfee0, C4<0>, C4<0>;
L_0000020047ad7990 .functor XOR 1, L_0000020047ad5ac0, L_0000020047acfd00, C4<0>, C4<0>;
L_0000020047ad7140 .functor XOR 1, L_0000020047ad0840, L_0000020047ad0a20, C4<0>, C4<0>;
L_0000020047ad6ff0 .functor XOR 1, L_0000020047ad7140, L_0000020047ad0340, C4<0>, C4<0>;
L_0000020047ad7220 .functor XOR 1, L_0000020047ad0e80, L_0000020047acfa80, C4<0>, C4<0>;
L_0000020047ad7290 .functor XOR 1, L_0000020047ad7220, L_0000020047ad0160, C4<0>, C4<0>;
L_0000020047ad71b0 .functor XOR 1, L_0000020047ad0660, L_0000020047ad0480, C4<0>, C4<0>;
L_0000020047ad76f0 .functor XOR 1, L_0000020047ad71b0, L_0000020047acf940, C4<0>, C4<0>;
L_0000020047ad70d0 .functor XOR 1, L_0000020047ad07a0, L_0000020047acff80, C4<0>, C4<0>;
L_0000020047ad7ae0 .functor XOR 1, L_0000020047ad70d0, L_0000020047acf9e0, C4<0>, C4<0>;
L_0000020047ad7ca0 .functor XOR 1, L_0000020047acfda0, L_0000020047ad08e0, C4<0>, C4<0>;
L_0000020047ad7a00 .functor XOR 1, L_0000020047ad7ca0, L_0000020047acfb20, C4<0>, C4<0>;
L_0000020047ad73e0 .functor XOR 1, L_0000020047ad0980, L_0000020047ad0020, C4<0>, C4<0>;
L_0000020047ad7530 .functor XOR 1, L_0000020047ad73e0, L_0000020047ad0ac0, C4<0>, C4<0>;
L_0000020047ad75a0 .functor XOR 1, L_0000020047acfbc0, L_0000020047ad0b60, C4<0>, C4<0>;
L_0000020047ad7300 .functor XOR 1, L_0000020047ad75a0, L_0000020047ad0f20, C4<0>, C4<0>;
L_0000020047ad7060 .functor XOR 1, L_0000020047acfc60, L_0000020047acfe40, C4<0>, C4<0>;
L_0000020047ad7450 .functor XOR 1, L_0000020047ad7060, L_0000020047adb2b0, C4<0>, C4<0>;
L_0000020047ad7b50 .functor XOR 1, L_0000020047adcf70, L_0000020047adc390, C4<0>, C4<0>;
L_0000020047ad7370 .functor XOR 1, L_0000020047ad7b50, L_0000020047adb3f0, C4<0>, C4<0>;
L_0000020047ad7610 .functor XOR 1, L_0000020047ada810, L_0000020047adbfd0, C4<0>, C4<0>;
L_0000020047ad7840 .functor XOR 1, L_0000020047ad7610, L_0000020047adb030, C4<0>, C4<0>;
L_0000020047ad74c0 .functor XOR 1, L_0000020047adb8f0, L_0000020047adb530, C4<0>, C4<0>;
L_0000020047ad7bc0 .functor XOR 1, L_0000020047ad74c0, L_0000020047adb0d0, C4<0>, C4<0>;
L_0000020047ad7680 .functor XOR 1, L_0000020047adb5d0, L_0000020047adabd0, C4<0>, C4<0>;
L_0000020047ad7760 .functor XOR 1, L_0000020047ad7680, L_0000020047adba30, C4<0>, C4<0>;
L_0000020047ad7e60 .functor XOR 1, L_0000020047adbe90, L_0000020047adc250, C4<0>, C4<0>;
L_0000020047ad77d0 .functor XOR 1, L_0000020047ad7e60, L_0000020047adbc10, C4<0>, C4<0>;
L_0000020047ad7a70 .functor XOR 1, L_0000020047adb670, L_0000020047adaa90, C4<0>, C4<0>;
L_0000020047ad7c30 .functor XOR 1, L_0000020047ad7a70, L_0000020047adcc50, C4<0>, C4<0>;
L_0000020047ad7ed0 .functor XOR 1, L_0000020047adc4d0, L_0000020047adb350, C4<0>, C4<0>;
L_0000020047ad78b0 .functor XOR 1, L_0000020047ad7ed0, L_0000020047adc890, C4<0>, C4<0>;
L_0000020047ad7df0 .functor XOR 1, L_0000020047adb210, L_0000020047adb490, C4<0>, C4<0>;
L_0000020047ad7920 .functor XOR 1, L_0000020047ad7df0, L_0000020047adb7b0, C4<0>, C4<0>;
L_0000020047ad7d10 .functor XOR 1, L_0000020047ada8b0, L_0000020047adc570, C4<0>, C4<0>;
L_0000020047ad7d80 .functor XOR 1, L_0000020047ad7d10, L_0000020047adb990, C4<0>, C4<0>;
L_00000200476ac630 .functor XOR 1, L_0000020047adbf30, L_0000020047adb850, C4<0>, C4<0>;
L_00000200476ab7c0 .functor XOR 1, L_00000200476ac630, L_0000020047ada950, C4<0>, C4<0>;
L_00000200476acd30 .functor XOR 1, L_0000020047adccf0, L_0000020047adc430, C4<0>, C4<0>;
L_00000200476acbe0 .functor XOR 1, L_00000200476acd30, L_0000020047adab30, C4<0>, C4<0>;
L_00000200476abb40 .functor XOR 1, L_0000020047adaef0, L_0000020047adbcb0, C4<0>, C4<0>;
L_00000200476ac0f0 .functor XOR 1, L_00000200476abb40, L_0000020047adc6b0, C4<0>, C4<0>;
v000002004762cc20_0 .net *"_ivl_10", 0 0, L_000002004767fe70;  1 drivers
v000002004762dc60_0 .net *"_ivl_101", 0 0, L_00000200476ab3a0;  1 drivers
v000002004762d800_0 .net *"_ivl_102", 0 0, L_000002004761ef00;  1 drivers
v000002004762cea0_0 .net *"_ivl_105", 0 0, L_00000200476aa9a0;  1 drivers
v000002004762c2c0_0 .net *"_ivl_106", 0 0, L_0000020047acc860;  1 drivers
v000002004762c360_0 .net *"_ivl_111", 0 0, L_00000200476aa7c0;  1 drivers
v000002004764c650_0 .net *"_ivl_113", 0 0, L_00000200476ab260;  1 drivers
v000002004764cfb0_0 .net *"_ivl_114", 0 0, L_0000020047acc710;  1 drivers
v000002004764c010_0 .net *"_ivl_117", 0 0, L_00000200476aaae0;  1 drivers
v000002004764d190_0 .net *"_ivl_118", 0 0, L_0000020047acc390;  1 drivers
v000002004764c150_0 .net *"_ivl_123", 0 0, L_00000200476aad60;  1 drivers
v000002004764cab0_0 .net *"_ivl_125", 0 0, L_00000200476aaa40;  1 drivers
v000002004764d4b0_0 .net *"_ivl_126", 0 0, L_0000020047accb70;  1 drivers
v000002004764cbf0_0 .net *"_ivl_129", 0 0, L_00000200476aa540;  1 drivers
v000002004764cdd0_0 .net *"_ivl_130", 0 0, L_0000020047acccc0;  1 drivers
v0000020047636a00_0 .net *"_ivl_135", 0 0, L_00000200476a9f00;  1 drivers
v00000200476383a0_0 .net *"_ivl_137", 0 0, L_00000200476aae00;  1 drivers
v0000020047637d60_0 .net *"_ivl_138", 0 0, L_0000020047acc0f0;  1 drivers
v0000020047638620_0 .net *"_ivl_141", 0 0, L_00000200476aa400;  1 drivers
v0000020047637180_0 .net *"_ivl_142", 0 0, L_0000020047acc400;  1 drivers
v00000200476370e0_0 .net *"_ivl_147", 0 0, L_00000200476aab80;  1 drivers
v0000020047637720_0 .net *"_ivl_149", 0 0, L_00000200476aa860;  1 drivers
v00000200476379a0_0 .net *"_ivl_15", 0 0, L_00000200476a7b60;  1 drivers
v0000020047646440_0 .net *"_ivl_150", 0 0, L_0000020047accef0;  1 drivers
v0000020047646940_0 .net *"_ivl_153", 0 0, L_00000200476aa4a0;  1 drivers
v00000200476469e0_0 .net *"_ivl_154", 0 0, L_0000020047acc550;  1 drivers
v0000020047646a80_0 .net *"_ivl_159", 0 0, L_00000200476aac20;  1 drivers
v0000020047645c20_0 .net *"_ivl_161", 0 0, L_00000200476aa180;  1 drivers
v0000020047646bc0_0 .net *"_ivl_162", 0 0, L_0000020047acc9b0;  1 drivers
v0000020047646da0_0 .net *"_ivl_165", 0 0, L_00000200476aacc0;  1 drivers
v0000020047647160_0 .net *"_ivl_166", 0 0, L_0000020047acc080;  1 drivers
v000002004765dee0_0 .net *"_ivl_17", 0 0, L_00000200476a9140;  1 drivers
v000002004765e3e0_0 .net *"_ivl_171", 0 0, L_00000200476aaea0;  1 drivers
v000002004765e660_0 .net *"_ivl_173", 0 0, L_00000200476ab300;  1 drivers
v000002004765e520_0 .net *"_ivl_174", 0 0, L_0000020047acc320;  1 drivers
v000002004765f100_0 .net *"_ivl_177", 0 0, L_00000200476aafe0;  1 drivers
v000002004765f240_0 .net *"_ivl_178", 0 0, L_0000020047acca90;  1 drivers
v000002004765e700_0 .net *"_ivl_18", 0 0, L_000002004767f380;  1 drivers
v000002004765eca0_0 .net *"_ivl_183", 0 0, L_00000200476ab080;  1 drivers
v0000020047669320_0 .net *"_ivl_185", 0 0, L_00000200476aa220;  1 drivers
v00000200476698c0_0 .net *"_ivl_186", 0 0, L_0000020047acc470;  1 drivers
v000002004766a220_0 .net *"_ivl_189", 0 0, L_00000200476a9fa0;  1 drivers
v0000020047669960_0 .net *"_ivl_190", 0 0, L_0000020047acc2b0;  1 drivers
v000002004766a680_0 .net *"_ivl_195", 0 0, L_00000200476ab120;  1 drivers
v000002004766a9a0_0 .net *"_ivl_197", 0 0, L_00000200476ab1c0;  1 drivers
v000002004766aae0_0 .net *"_ivl_198", 0 0, L_0000020047acc780;  1 drivers
v0000020047669d20_0 .net *"_ivl_201", 0 0, L_00000200476aa040;  1 drivers
v00000200475f06f0_0 .net *"_ivl_202", 0 0, L_0000020047accc50;  1 drivers
v00000200475f0150_0 .net *"_ivl_207", 0 0, L_00000200476aa2c0;  1 drivers
v00000200475efb10_0 .net *"_ivl_209", 0 0, L_00000200476aa360;  1 drivers
v00000200475f0470_0 .net *"_ivl_21", 0 0, L_00000200476a7ca0;  1 drivers
v0000020047a82b00_0 .net *"_ivl_210", 0 0, L_0000020047acc630;  1 drivers
v0000020047a83c80_0 .net *"_ivl_213", 0 0, L_00000200476aa5e0;  1 drivers
v0000020047a824c0_0 .net *"_ivl_214", 0 0, L_0000020047acc160;  1 drivers
v0000020047a82c40_0 .net *"_ivl_219", 0 0, L_0000020047ace180;  1 drivers
v0000020047a835a0_0 .net *"_ivl_22", 0 0, L_000002004767f460;  1 drivers
v0000020047a83aa0_0 .net *"_ivl_221", 0 0, L_0000020047acde60;  1 drivers
v0000020047a82e20_0 .net *"_ivl_222", 0 0, L_0000020047acce10;  1 drivers
v0000020047a82240_0 .net *"_ivl_225", 0 0, L_0000020047acf080;  1 drivers
v0000020047a827e0_0 .net *"_ivl_226", 0 0, L_0000020047accbe0;  1 drivers
v0000020047a831e0_0 .net *"_ivl_231", 0 0, L_0000020047acd460;  1 drivers
v0000020047a83000_0 .net *"_ivl_233", 0 0, L_0000020047ace900;  1 drivers
v0000020047a82ce0_0 .net *"_ivl_234", 0 0, L_0000020047acc7f0;  1 drivers
v0000020047a826a0_0 .net *"_ivl_237", 0 0, L_0000020047acf120;  1 drivers
v0000020047a82d80_0 .net *"_ivl_238", 0 0, L_0000020047acce80;  1 drivers
v0000020047a82560_0 .net *"_ivl_243", 0 0, L_0000020047acd280;  1 drivers
v0000020047a83b40_0 .net *"_ivl_245", 0 0, L_0000020047ace220;  1 drivers
v0000020047a830a0_0 .net *"_ivl_246", 0 0, L_0000020047acc6a0;  1 drivers
v0000020047a83960_0 .net *"_ivl_249", 0 0, L_0000020047acd0a0;  1 drivers
v0000020047a822e0_0 .net *"_ivl_250", 0 0, L_0000020047acc4e0;  1 drivers
v0000020047a82380_0 .net *"_ivl_255", 0 0, L_0000020047acd780;  1 drivers
v0000020047a82880_0 .net *"_ivl_257", 0 0, L_0000020047acddc0;  1 drivers
v0000020047a82600_0 .net *"_ivl_258", 0 0, L_0000020047acc5c0;  1 drivers
v0000020047a83be0_0 .net *"_ivl_261", 0 0, L_0000020047acf4e0;  1 drivers
v0000020047a82060_0 .net *"_ivl_262", 0 0, L_0000020047acc8d0;  1 drivers
v0000020047a83140_0 .net *"_ivl_267", 0 0, L_0000020047aceb80;  1 drivers
v0000020047a82ba0_0 .net *"_ivl_269", 0 0, L_0000020047ace720;  1 drivers
v0000020047a83d20_0 .net *"_ivl_27", 0 0, L_00000200476a9820;  1 drivers
v0000020047a82740_0 .net *"_ivl_270", 0 0, L_0000020047accf60;  1 drivers
v0000020047a82ec0_0 .net *"_ivl_273", 0 0, L_0000020047acd140;  1 drivers
v0000020047a83640_0 .net *"_ivl_274", 0 0, L_0000020047acc940;  1 drivers
v0000020047a83dc0_0 .net *"_ivl_279", 0 0, L_0000020047ace7c0;  1 drivers
v0000020047a82f60_0 .net *"_ivl_281", 0 0, L_0000020047acdf00;  1 drivers
v0000020047a82920_0 .net *"_ivl_282", 0 0, L_0000020047acca20;  1 drivers
v0000020047a83280_0 .net *"_ivl_285", 0 0, L_0000020047acd500;  1 drivers
v0000020047a82420_0 .net *"_ivl_286", 0 0, L_0000020047acc1d0;  1 drivers
v0000020047a83a00_0 .net *"_ivl_29", 0 0, L_00000200476a9280;  1 drivers
v0000020047a83320_0 .net *"_ivl_291", 0 0, L_0000020047ace9a0;  1 drivers
v0000020047a833c0_0 .net *"_ivl_293", 0 0, L_0000020047aced60;  1 drivers
v0000020047a829c0_0 .net *"_ivl_294", 0 0, L_0000020047accb00;  1 drivers
v0000020047a83460_0 .net *"_ivl_297", 0 0, L_0000020047acdfa0;  1 drivers
v0000020047a83500_0 .net *"_ivl_298", 0 0, L_0000020047acc240;  1 drivers
v0000020047a82100_0 .net *"_ivl_3", 0 0, L_00000200476a8f60;  1 drivers
v0000020047a836e0_0 .net *"_ivl_30", 0 0, L_000002004767f930;  1 drivers
v0000020047a83e60_0 .net *"_ivl_303", 0 0, L_0000020047acea40;  1 drivers
v0000020047a82a60_0 .net *"_ivl_305", 0 0, L_0000020047acdaa0;  1 drivers
v0000020047a83780_0 .net *"_ivl_306", 0 0, L_0000020047accd30;  1 drivers
v0000020047a83820_0 .net *"_ivl_309", 0 0, L_0000020047acf580;  1 drivers
v0000020047a838c0_0 .net *"_ivl_310", 0 0, L_0000020047accda0;  1 drivers
v0000020047a83f00_0 .net *"_ivl_315", 0 0, L_0000020047aceae0;  1 drivers
v0000020047a821a0_0 .net *"_ivl_317", 0 0, L_0000020047acd1e0;  1 drivers
v000002004769f600_0 .net *"_ivl_318", 0 0, L_0000020047ad5c80;  1 drivers
v000002004769fb00_0 .net *"_ivl_321", 0 0, L_0000020047acf760;  1 drivers
v000002004769d8a0_0 .net *"_ivl_322", 0 0, L_0000020047ad5cf0;  1 drivers
v000002004769d4e0_0 .net *"_ivl_327", 0 0, L_0000020047acd5a0;  1 drivers
v000002004769e340_0 .net *"_ivl_329", 0 0, L_0000020047acd640;  1 drivers
v000002004769d580_0 .net *"_ivl_33", 0 0, L_00000200476a9320;  1 drivers
v000002004769efc0_0 .net *"_ivl_330", 0 0, L_0000020047ad59e0;  1 drivers
v000002004769e160_0 .net *"_ivl_333", 0 0, L_0000020047ace040;  1 drivers
v000002004769d9e0_0 .net *"_ivl_334", 0 0, L_0000020047ad5120;  1 drivers
v000002004769d620_0 .net *"_ivl_339", 0 0, L_0000020047acec20;  1 drivers
v000002004769da80_0 .net *"_ivl_34", 0 0, L_000002004767f4d0;  1 drivers
v000002004769e020_0 .net *"_ivl_341", 0 0, L_0000020047acf620;  1 drivers
v000002004769e3e0_0 .net *"_ivl_342", 0 0, L_0000020047ad5b30;  1 drivers
v000002004769fa60_0 .net *"_ivl_345", 0 0, L_0000020047acecc0;  1 drivers
v000002004769df80_0 .net *"_ivl_346", 0 0, L_0000020047ad5190;  1 drivers
v000002004769f920_0 .net *"_ivl_351", 0 0, L_0000020047acdc80;  1 drivers
v000002004769d6c0_0 .net *"_ivl_353", 0 0, L_0000020047acee00;  1 drivers
v000002004769f880_0 .net *"_ivl_354", 0 0, L_0000020047ad5890;  1 drivers
v000002004769f6a0_0 .net *"_ivl_357", 0 0, L_0000020047acdb40;  1 drivers
v000002004769f740_0 .net *"_ivl_358", 0 0, L_0000020047ad5740;  1 drivers
v000002004769e200_0 .net *"_ivl_363", 0 0, L_0000020047acd6e0;  1 drivers
v000002004769f420_0 .net *"_ivl_365", 0 0, L_0000020047acda00;  1 drivers
v000002004769e520_0 .net *"_ivl_366", 0 0, L_0000020047ad5900;  1 drivers
v000002004769e0c0_0 .net *"_ivl_369", 0 0, L_0000020047acf1c0;  1 drivers
v000002004769e2a0_0 .net *"_ivl_370", 0 0, L_0000020047ad56d0;  1 drivers
v000002004769f9c0_0 .net *"_ivl_375", 0 0, L_0000020047acf6c0;  1 drivers
v000002004769e980_0 .net *"_ivl_377", 0 0, L_0000020047acdbe0;  1 drivers
v000002004769f7e0_0 .net *"_ivl_378", 0 0, L_0000020047ad5c10;  1 drivers
v000002004769d760_0 .net *"_ivl_381", 0 0, L_0000020047acd320;  1 drivers
v000002004769ef20_0 .net *"_ivl_382", 0 0, L_0000020047ad50b0;  1 drivers
v000002004769d800_0 .net *"_ivl_387", 0 0, L_0000020047ace860;  1 drivers
v000002004769e480_0 .net *"_ivl_389", 0 0, L_0000020047acd3c0;  1 drivers
v000002004769f100_0 .net *"_ivl_39", 0 0, L_00000200476a7e80;  1 drivers
v000002004769f560_0 .net *"_ivl_390", 0 0, L_0000020047ad5270;  1 drivers
v000002004769e5c0_0 .net *"_ivl_393", 0 0, L_0000020047ace0e0;  1 drivers
v000002004769e660_0 .net *"_ivl_394", 0 0, L_0000020047ad5a50;  1 drivers
v000002004769e700_0 .net *"_ivl_399", 0 0, L_0000020047acf300;  1 drivers
v000002004769de40_0 .net *"_ivl_401", 0 0, L_0000020047ace2c0;  1 drivers
v000002004769f1a0_0 .net *"_ivl_402", 0 0, L_0000020047ad5d60;  1 drivers
v000002004769fba0_0 .net *"_ivl_405", 0 0, L_0000020047ace360;  1 drivers
v000002004769e7a0_0 .net *"_ivl_406", 0 0, L_0000020047ad57b0;  1 drivers
v000002004769fc40_0 .net *"_ivl_41", 0 0, L_00000200476a93c0;  1 drivers
v000002004769dda0_0 .net *"_ivl_411", 0 0, L_0000020047aceea0;  1 drivers
v000002004769e840_0 .net *"_ivl_413", 0 0, L_0000020047ace400;  1 drivers
v000002004769db20_0 .net *"_ivl_414", 0 0, L_0000020047ad5dd0;  1 drivers
v000002004769d940_0 .net *"_ivl_417", 0 0, L_0000020047ace4a0;  1 drivers
v000002004769ea20_0 .net *"_ivl_418", 0 0, L_0000020047ad5ba0;  1 drivers
v000002004769f4c0_0 .net *"_ivl_42", 0 0, L_000002004767f9a0;  1 drivers
v000002004769dbc0_0 .net *"_ivl_423", 0 0, L_0000020047acd820;  1 drivers
v000002004769dc60_0 .net *"_ivl_425", 0 0, L_0000020047ace5e0;  1 drivers
v000002004769e8e0_0 .net *"_ivl_426", 0 0, L_0000020047ad5820;  1 drivers
v000002004769dd00_0 .net *"_ivl_429", 0 0, L_0000020047acef40;  1 drivers
v000002004769dee0_0 .net *"_ivl_430", 0 0, L_0000020047ad5e40;  1 drivers
v000002004769eac0_0 .net *"_ivl_435", 0 0, L_0000020047acd8c0;  1 drivers
v000002004769eb60_0 .net *"_ivl_437", 0 0, L_0000020047acf260;  1 drivers
v000002004769ec00_0 .net *"_ivl_438", 0 0, L_0000020047ad5200;  1 drivers
v000002004769eca0_0 .net *"_ivl_441", 0 0, L_0000020047acefe0;  1 drivers
v000002004769ed40_0 .net *"_ivl_442", 0 0, L_0000020047ad5eb0;  1 drivers
v000002004769ede0_0 .net *"_ivl_447", 0 0, L_0000020047acf800;  1 drivers
v000002004769f060_0 .net *"_ivl_449", 0 0, L_0000020047acd960;  1 drivers
v000002004769ee80_0 .net *"_ivl_45", 0 0, L_00000200476a7de0;  1 drivers
v000002004769f240_0 .net *"_ivl_450", 0 0, L_0000020047ad5430;  1 drivers
v000002004769f2e0_0 .net *"_ivl_453", 0 0, L_0000020047acdd20;  1 drivers
v000002004769f380_0 .net *"_ivl_454", 0 0, L_0000020047ad5f20;  1 drivers
v000002004769fd80_0 .net *"_ivl_459", 0 0, L_0000020047acf3a0;  1 drivers
v00000200476a0f00_0 .net *"_ivl_46", 0 0, L_000002004767f700;  1 drivers
v00000200476a06e0_0 .net *"_ivl_461", 0 0, L_0000020047ace540;  1 drivers
v00000200476a08c0_0 .net *"_ivl_462", 0 0, L_0000020047ad5970;  1 drivers
v000002004769fec0_0 .net *"_ivl_465", 0 0, L_0000020047ace680;  1 drivers
v00000200476a0aa0_0 .net *"_ivl_466", 0 0, L_0000020047ad5f90;  1 drivers
v00000200476a0b40_0 .net *"_ivl_471", 0 0, L_0000020047acf440;  1 drivers
v00000200476a1360_0 .net *"_ivl_473", 0 0, L_0000020047ad0c00;  1 drivers
v00000200476a0460_0 .net *"_ivl_474", 0 0, L_0000020047ad52e0;  1 drivers
v00000200476a0fa0_0 .net *"_ivl_477", 0 0, L_0000020047ad05c0;  1 drivers
v00000200476a0140_0 .net *"_ivl_478", 0 0, L_0000020047ad5350;  1 drivers
v000002004769fe20_0 .net *"_ivl_483", 0 0, L_0000020047ad00c0;  1 drivers
v00000200476a01e0_0 .net *"_ivl_485", 0 0, L_0000020047ad0700;  1 drivers
v00000200476a0500_0 .net *"_ivl_486", 0 0, L_0000020047ad53c0;  1 drivers
v00000200476a1180_0 .net *"_ivl_489", 0 0, L_0000020047ad0ca0;  1 drivers
v00000200476a10e0_0 .net *"_ivl_490", 0 0, L_0000020047ad54a0;  1 drivers
v00000200476a05a0_0 .net *"_ivl_495", 0 0, L_0000020047ad0200;  1 drivers
v00000200476a00a0_0 .net *"_ivl_497", 0 0, L_0000020047acf8a0;  1 drivers
v000002004769fce0_0 .net *"_ivl_498", 0 0, L_0000020047ad5510;  1 drivers
v00000200476a0d20_0 .net *"_ivl_5", 0 0, L_00000200476a9000;  1 drivers
v000002004769ff60_0 .net *"_ivl_501", 0 0, L_0000020047ad0520;  1 drivers
v00000200476a1040_0 .net *"_ivl_502", 0 0, L_0000020047ad5580;  1 drivers
v00000200476a0820_0 .net *"_ivl_507", 0 0, L_0000020047ad0d40;  1 drivers
v00000200476a0c80_0 .net *"_ivl_509", 0 0, L_0000020047ad0de0;  1 drivers
v00000200476a0280_0 .net *"_ivl_51", 0 0, L_00000200476a98c0;  1 drivers
v00000200476a03c0_0 .net *"_ivl_510", 0 0, L_0000020047ad5660;  1 drivers
v00000200476a0be0_0 .net *"_ivl_513", 0 0, L_0000020047ad03e0;  1 drivers
v00000200476a1220_0 .net *"_ivl_514", 0 0, L_0000020047ad55f0;  1 drivers
v00000200476a0e60_0 .net *"_ivl_519", 0 0, L_0000020047ad02a0;  1 drivers
v00000200476a0320_0 .net *"_ivl_521", 0 0, L_0000020047acfee0;  1 drivers
v00000200476a0640_0 .net *"_ivl_522", 0 0, L_0000020047ad5ac0;  1 drivers
v00000200476a0780_0 .net *"_ivl_525", 0 0, L_0000020047acfd00;  1 drivers
v00000200476a0960_0 .net *"_ivl_526", 0 0, L_0000020047ad7990;  1 drivers
v00000200476a12c0_0 .net *"_ivl_53", 0 0, L_00000200476a9960;  1 drivers
v00000200476a0a00_0 .net *"_ivl_531", 0 0, L_0000020047ad0840;  1 drivers
v00000200476a0000_0 .net *"_ivl_533", 0 0, L_0000020047ad0a20;  1 drivers
v00000200476a0dc0_0 .net *"_ivl_534", 0 0, L_0000020047ad7140;  1 drivers
v00000200476a3250_0 .net *"_ivl_537", 0 0, L_0000020047ad0340;  1 drivers
v00000200476a2d50_0 .net *"_ivl_538", 0 0, L_0000020047ad6ff0;  1 drivers
v00000200476a2030_0 .net *"_ivl_54", 0 0, L_000002004767f5b0;  1 drivers
v00000200476a2210_0 .net *"_ivl_543", 0 0, L_0000020047ad0e80;  1 drivers
v00000200476a3930_0 .net *"_ivl_545", 0 0, L_0000020047acfa80;  1 drivers
v00000200476a2990_0 .net *"_ivl_546", 0 0, L_0000020047ad7220;  1 drivers
v00000200476a3750_0 .net *"_ivl_549", 0 0, L_0000020047ad0160;  1 drivers
v00000200476a14f0_0 .net *"_ivl_550", 0 0, L_0000020047ad7290;  1 drivers
v00000200476a2f30_0 .net *"_ivl_555", 0 0, L_0000020047ad0660;  1 drivers
v00000200476a16d0_0 .net *"_ivl_557", 0 0, L_0000020047ad0480;  1 drivers
v00000200476a2170_0 .net *"_ivl_558", 0 0, L_0000020047ad71b0;  1 drivers
v00000200476a3110_0 .net *"_ivl_561", 0 0, L_0000020047acf940;  1 drivers
v00000200476a3570_0 .net *"_ivl_562", 0 0, L_0000020047ad76f0;  1 drivers
v00000200476a2490_0 .net *"_ivl_567", 0 0, L_0000020047ad07a0;  1 drivers
v00000200476a2530_0 .net *"_ivl_569", 0 0, L_0000020047acff80;  1 drivers
v00000200476a22b0_0 .net *"_ivl_57", 0 0, L_00000200476a9a00;  1 drivers
v00000200476a1e50_0 .net *"_ivl_570", 0 0, L_0000020047ad70d0;  1 drivers
v00000200476a31b0_0 .net *"_ivl_573", 0 0, L_0000020047acf9e0;  1 drivers
v00000200476a39d0_0 .net *"_ivl_574", 0 0, L_0000020047ad7ae0;  1 drivers
v00000200476a1f90_0 .net *"_ivl_579", 0 0, L_0000020047acfda0;  1 drivers
v00000200476a37f0_0 .net *"_ivl_58", 0 0, L_000002004767f770;  1 drivers
v00000200476a1770_0 .net *"_ivl_581", 0 0, L_0000020047ad08e0;  1 drivers
v00000200476a1ef0_0 .net *"_ivl_582", 0 0, L_0000020047ad7ca0;  1 drivers
v00000200476a2b70_0 .net *"_ivl_585", 0 0, L_0000020047acfb20;  1 drivers
v00000200476a2a30_0 .net *"_ivl_586", 0 0, L_0000020047ad7a00;  1 drivers
v00000200476a25d0_0 .net *"_ivl_591", 0 0, L_0000020047ad0980;  1 drivers
v00000200476a3890_0 .net *"_ivl_593", 0 0, L_0000020047ad0020;  1 drivers
v00000200476a1590_0 .net *"_ivl_594", 0 0, L_0000020047ad73e0;  1 drivers
v00000200476a2e90_0 .net *"_ivl_597", 0 0, L_0000020047ad0ac0;  1 drivers
v00000200476a20d0_0 .net *"_ivl_598", 0 0, L_0000020047ad7530;  1 drivers
v00000200476a2350_0 .net *"_ivl_6", 0 0, L_000002004767f3f0;  1 drivers
v00000200476a18b0_0 .net *"_ivl_603", 0 0, L_0000020047acfbc0;  1 drivers
v00000200476a2670_0 .net *"_ivl_605", 0 0, L_0000020047ad0b60;  1 drivers
v00000200476a1630_0 .net *"_ivl_606", 0 0, L_0000020047ad75a0;  1 drivers
v00000200476a34d0_0 .net *"_ivl_609", 0 0, L_0000020047ad0f20;  1 drivers
v00000200476a23f0_0 .net *"_ivl_610", 0 0, L_0000020047ad7300;  1 drivers
v00000200476a3430_0 .net *"_ivl_615", 0 0, L_0000020047acfc60;  1 drivers
v00000200476a32f0_0 .net *"_ivl_617", 0 0, L_0000020047acfe40;  1 drivers
v00000200476a3390_0 .net *"_ivl_618", 0 0, L_0000020047ad7060;  1 drivers
v00000200476a1810_0 .net *"_ivl_621", 0 0, L_0000020047adb2b0;  1 drivers
v00000200476a3610_0 .net *"_ivl_622", 0 0, L_0000020047ad7450;  1 drivers
v00000200476a2710_0 .net *"_ivl_627", 0 0, L_0000020047adcf70;  1 drivers
v00000200476a27b0_0 .net *"_ivl_629", 0 0, L_0000020047adc390;  1 drivers
v00000200476a1950_0 .net *"_ivl_63", 0 0, L_00000200476a9b40;  1 drivers
v00000200476a2850_0 .net *"_ivl_630", 0 0, L_0000020047ad7b50;  1 drivers
v00000200476a3a70_0 .net *"_ivl_633", 0 0, L_0000020047adb3f0;  1 drivers
v00000200476a36b0_0 .net *"_ivl_634", 0 0, L_0000020047ad7370;  1 drivers
v00000200476a28f0_0 .net *"_ivl_639", 0 0, L_0000020047ada810;  1 drivers
v00000200476a2df0_0 .net *"_ivl_641", 0 0, L_0000020047adbfd0;  1 drivers
v00000200476a2ad0_0 .net *"_ivl_642", 0 0, L_0000020047ad7610;  1 drivers
v00000200476a2c10_0 .net *"_ivl_645", 0 0, L_0000020047adb030;  1 drivers
v00000200476a19f0_0 .net *"_ivl_646", 0 0, L_0000020047ad7840;  1 drivers
v00000200476a2cb0_0 .net *"_ivl_65", 0 0, L_00000200476a9be0;  1 drivers
v00000200476a3b10_0 .net *"_ivl_651", 0 0, L_0000020047adb8f0;  1 drivers
v00000200476a2fd0_0 .net *"_ivl_653", 0 0, L_0000020047adb530;  1 drivers
v00000200476a1a90_0 .net *"_ivl_654", 0 0, L_0000020047ad74c0;  1 drivers
v00000200476a3bb0_0 .net *"_ivl_657", 0 0, L_0000020047adb0d0;  1 drivers
v00000200476a3070_0 .net *"_ivl_658", 0 0, L_0000020047ad7bc0;  1 drivers
v00000200476a3c50_0 .net *"_ivl_66", 0 0, L_000002004767f7e0;  1 drivers
v00000200476a1b30_0 .net *"_ivl_663", 0 0, L_0000020047adb5d0;  1 drivers
v00000200476a1bd0_0 .net *"_ivl_665", 0 0, L_0000020047adabd0;  1 drivers
v00000200476a1c70_0 .net *"_ivl_666", 0 0, L_0000020047ad7680;  1 drivers
v00000200476a1db0_0 .net *"_ivl_669", 0 0, L_0000020047adba30;  1 drivers
v00000200476a1d10_0 .net *"_ivl_670", 0 0, L_0000020047ad7760;  1 drivers
v00000200476a3f70_0 .net *"_ivl_675", 0 0, L_0000020047adbe90;  1 drivers
v00000200476a48d0_0 .net *"_ivl_677", 0 0, L_0000020047adc250;  1 drivers
v00000200476a43d0_0 .net *"_ivl_678", 0 0, L_0000020047ad7e60;  1 drivers
v00000200476a4970_0 .net *"_ivl_681", 0 0, L_0000020047adbc10;  1 drivers
v00000200476a5370_0 .net *"_ivl_682", 0 0, L_0000020047ad77d0;  1 drivers
v00000200476a4d30_0 .net *"_ivl_687", 0 0, L_0000020047adb670;  1 drivers
v00000200476a4790_0 .net *"_ivl_689", 0 0, L_0000020047adaa90;  1 drivers
v00000200476a4330_0 .net *"_ivl_69", 0 0, L_00000200476a9e60;  1 drivers
v00000200476a4a10_0 .net *"_ivl_690", 0 0, L_0000020047ad7a70;  1 drivers
v00000200476a3d90_0 .net *"_ivl_693", 0 0, L_0000020047adcc50;  1 drivers
v00000200476a4ab0_0 .net *"_ivl_694", 0 0, L_0000020047ad7c30;  1 drivers
v00000200476a4b50_0 .net *"_ivl_699", 0 0, L_0000020047adc4d0;  1 drivers
v00000200476a4dd0_0 .net *"_ivl_70", 0 0, L_000002004767f850;  1 drivers
v00000200476a41f0_0 .net *"_ivl_701", 0 0, L_0000020047adb350;  1 drivers
v00000200476a46f0_0 .net *"_ivl_702", 0 0, L_0000020047ad7ed0;  1 drivers
v00000200476a4e70_0 .net *"_ivl_705", 0 0, L_0000020047adc890;  1 drivers
v00000200476a52d0_0 .net *"_ivl_706", 0 0, L_0000020047ad78b0;  1 drivers
v00000200476a3cf0_0 .net *"_ivl_711", 0 0, L_0000020047adb210;  1 drivers
v00000200476a4bf0_0 .net *"_ivl_713", 0 0, L_0000020047adb490;  1 drivers
v00000200476a4830_0 .net *"_ivl_714", 0 0, L_0000020047ad7df0;  1 drivers
v00000200476a45b0_0 .net *"_ivl_717", 0 0, L_0000020047adb7b0;  1 drivers
v00000200476a4fb0_0 .net *"_ivl_718", 0 0, L_0000020047ad7920;  1 drivers
v00000200476a4010_0 .net *"_ivl_723", 0 0, L_0000020047ada8b0;  1 drivers
v00000200476a4c90_0 .net *"_ivl_725", 0 0, L_0000020047adc570;  1 drivers
v00000200476a4f10_0 .net *"_ivl_726", 0 0, L_0000020047ad7d10;  1 drivers
v00000200476a3e30_0 .net *"_ivl_729", 0 0, L_0000020047adb990;  1 drivers
v00000200476a5230_0 .net *"_ivl_730", 0 0, L_0000020047ad7d80;  1 drivers
v00000200476a5190_0 .net *"_ivl_735", 0 0, L_0000020047adbf30;  1 drivers
v00000200476a40b0_0 .net *"_ivl_737", 0 0, L_0000020047adb850;  1 drivers
v00000200476a5050_0 .net *"_ivl_738", 0 0, L_00000200476ac630;  1 drivers
v00000200476a50f0_0 .net *"_ivl_741", 0 0, L_0000020047ada950;  1 drivers
v00000200476a3ed0_0 .net *"_ivl_742", 0 0, L_00000200476ab7c0;  1 drivers
v00000200476a4470_0 .net *"_ivl_747", 0 0, L_0000020047adccf0;  1 drivers
v00000200476a4510_0 .net *"_ivl_749", 0 0, L_0000020047adc430;  1 drivers
v00000200476a4150_0 .net *"_ivl_75", 0 0, L_00000200476aa900;  1 drivers
v00000200476a4290_0 .net *"_ivl_750", 0 0, L_00000200476acd30;  1 drivers
v00000200476a4650_0 .net *"_ivl_753", 0 0, L_0000020047adab30;  1 drivers
v00000200476a8420_0 .net *"_ivl_754", 0 0, L_00000200476acbe0;  1 drivers
v00000200476a84c0_0 .net *"_ivl_760", 0 0, L_0000020047adaef0;  1 drivers
v00000200476a95a0_0 .net *"_ivl_762", 0 0, L_0000020047adbcb0;  1 drivers
v00000200476a8600_0 .net *"_ivl_763", 0 0, L_00000200476abb40;  1 drivers
v00000200476a7f20_0 .net *"_ivl_766", 0 0, L_0000020047adc6b0;  1 drivers
v00000200476a9c80_0 .net *"_ivl_767", 0 0, L_00000200476ac0f0;  1 drivers
v00000200476a8c40_0 .net *"_ivl_77", 0 0, L_00000200476aa680;  1 drivers
v00000200476a8560_0 .net *"_ivl_78", 0 0, L_000002004767fa10;  1 drivers
v00000200476a8ce0_0 .net *"_ivl_81", 0 0, L_00000200476aa0e0;  1 drivers
v00000200476a75c0_0 .net *"_ivl_82", 0 0, L_000002004767f8c0;  1 drivers
v00000200476a86a0_0 .net *"_ivl_87", 0 0, L_00000200476aaf40;  1 drivers
v00000200476a7c00_0 .net *"_ivl_89", 0 0, L_00000200476aa720;  1 drivers
v00000200476a8240_0 .net *"_ivl_9", 0 0, L_00000200476a90a0;  1 drivers
v00000200476a7700_0 .net *"_ivl_90", 0 0, L_000002004767fa80;  1 drivers
v00000200476a9500_0 .net *"_ivl_93", 0 0, L_00000200476a9d20;  1 drivers
v00000200476a8740_0 .net *"_ivl_94", 0 0, L_000002004767faf0;  1 drivers
v00000200476a8a60_0 .net *"_ivl_99", 0 0, L_00000200476a9dc0;  1 drivers
v00000200476a78e0_0 .net "clk", 0 0, v00000200476a8060_0;  alias, 1 drivers
v00000200476a8100_0 .net "data_in", 63 0, L_00000200476a7fc0;  alias, 1 drivers
v00000200476a89c0_0 .var "data_out", 63 0;
v00000200476a77a0_0 .net "lfsr_enable", 0 0, L_000002004767fe00;  alias, 1 drivers
v00000200476a8b00_0 .var "lfsr_seq", 57 0;
v00000200476a7660_0 .net "rst_n", 0 0, v00000200476a8920_0;  alias, 1 drivers
v00000200476a9460_0 .net "scramble_data_test", 63 0, L_0000020047adc610;  1 drivers
L_00000200476a8f60 .part L_00000200476a7fc0, 0, 1;
L_00000200476a9000 .part v00000200476a8b00_0, 57, 1;
L_00000200476a90a0 .part v00000200476a8b00_0, 38, 1;
L_00000200476a7b60 .part L_00000200476a7fc0, 1, 1;
L_00000200476a9140 .part v00000200476a8b00_0, 56, 1;
L_00000200476a7ca0 .part v00000200476a8b00_0, 37, 1;
L_00000200476a9820 .part L_00000200476a7fc0, 2, 1;
L_00000200476a9280 .part v00000200476a8b00_0, 55, 1;
L_00000200476a9320 .part v00000200476a8b00_0, 36, 1;
L_00000200476a7e80 .part L_00000200476a7fc0, 3, 1;
L_00000200476a93c0 .part v00000200476a8b00_0, 54, 1;
L_00000200476a7de0 .part v00000200476a8b00_0, 35, 1;
L_00000200476a98c0 .part L_00000200476a7fc0, 4, 1;
L_00000200476a9960 .part v00000200476a8b00_0, 53, 1;
L_00000200476a9a00 .part v00000200476a8b00_0, 34, 1;
L_00000200476a9b40 .part L_00000200476a7fc0, 5, 1;
L_00000200476a9be0 .part v00000200476a8b00_0, 52, 1;
L_00000200476a9e60 .part v00000200476a8b00_0, 33, 1;
L_00000200476aa900 .part L_00000200476a7fc0, 6, 1;
L_00000200476aa680 .part v00000200476a8b00_0, 51, 1;
L_00000200476aa0e0 .part v00000200476a8b00_0, 32, 1;
L_00000200476aaf40 .part L_00000200476a7fc0, 7, 1;
L_00000200476aa720 .part v00000200476a8b00_0, 50, 1;
L_00000200476a9d20 .part v00000200476a8b00_0, 31, 1;
L_00000200476a9dc0 .part L_00000200476a7fc0, 8, 1;
L_00000200476ab3a0 .part v00000200476a8b00_0, 49, 1;
L_00000200476aa9a0 .part v00000200476a8b00_0, 30, 1;
L_00000200476aa7c0 .part L_00000200476a7fc0, 9, 1;
L_00000200476ab260 .part v00000200476a8b00_0, 48, 1;
L_00000200476aaae0 .part v00000200476a8b00_0, 29, 1;
L_00000200476aad60 .part L_00000200476a7fc0, 10, 1;
L_00000200476aaa40 .part v00000200476a8b00_0, 47, 1;
L_00000200476aa540 .part v00000200476a8b00_0, 28, 1;
L_00000200476a9f00 .part L_00000200476a7fc0, 11, 1;
L_00000200476aae00 .part v00000200476a8b00_0, 46, 1;
L_00000200476aa400 .part v00000200476a8b00_0, 27, 1;
L_00000200476aab80 .part L_00000200476a7fc0, 12, 1;
L_00000200476aa860 .part v00000200476a8b00_0, 45, 1;
L_00000200476aa4a0 .part v00000200476a8b00_0, 26, 1;
L_00000200476aac20 .part L_00000200476a7fc0, 13, 1;
L_00000200476aa180 .part v00000200476a8b00_0, 44, 1;
L_00000200476aacc0 .part v00000200476a8b00_0, 25, 1;
L_00000200476aaea0 .part L_00000200476a7fc0, 14, 1;
L_00000200476ab300 .part v00000200476a8b00_0, 43, 1;
L_00000200476aafe0 .part v00000200476a8b00_0, 24, 1;
L_00000200476ab080 .part L_00000200476a7fc0, 15, 1;
L_00000200476aa220 .part v00000200476a8b00_0, 42, 1;
L_00000200476a9fa0 .part v00000200476a8b00_0, 23, 1;
L_00000200476ab120 .part L_00000200476a7fc0, 16, 1;
L_00000200476ab1c0 .part v00000200476a8b00_0, 41, 1;
L_00000200476aa040 .part v00000200476a8b00_0, 22, 1;
L_00000200476aa2c0 .part L_00000200476a7fc0, 17, 1;
L_00000200476aa360 .part v00000200476a8b00_0, 40, 1;
L_00000200476aa5e0 .part v00000200476a8b00_0, 21, 1;
L_0000020047ace180 .part L_00000200476a7fc0, 18, 1;
L_0000020047acde60 .part v00000200476a8b00_0, 39, 1;
L_0000020047acf080 .part v00000200476a8b00_0, 20, 1;
L_0000020047acd460 .part L_00000200476a7fc0, 19, 1;
L_0000020047ace900 .part v00000200476a8b00_0, 38, 1;
L_0000020047acf120 .part v00000200476a8b00_0, 19, 1;
L_0000020047acd280 .part L_00000200476a7fc0, 20, 1;
L_0000020047ace220 .part v00000200476a8b00_0, 37, 1;
L_0000020047acd0a0 .part v00000200476a8b00_0, 18, 1;
L_0000020047acd780 .part L_00000200476a7fc0, 21, 1;
L_0000020047acddc0 .part v00000200476a8b00_0, 36, 1;
L_0000020047acf4e0 .part v00000200476a8b00_0, 17, 1;
L_0000020047aceb80 .part L_00000200476a7fc0, 22, 1;
L_0000020047ace720 .part v00000200476a8b00_0, 35, 1;
L_0000020047acd140 .part v00000200476a8b00_0, 16, 1;
L_0000020047ace7c0 .part L_00000200476a7fc0, 23, 1;
L_0000020047acdf00 .part v00000200476a8b00_0, 34, 1;
L_0000020047acd500 .part v00000200476a8b00_0, 15, 1;
L_0000020047ace9a0 .part L_00000200476a7fc0, 24, 1;
L_0000020047aced60 .part v00000200476a8b00_0, 33, 1;
L_0000020047acdfa0 .part v00000200476a8b00_0, 14, 1;
L_0000020047acea40 .part L_00000200476a7fc0, 25, 1;
L_0000020047acdaa0 .part v00000200476a8b00_0, 32, 1;
L_0000020047acf580 .part v00000200476a8b00_0, 13, 1;
L_0000020047aceae0 .part L_00000200476a7fc0, 26, 1;
L_0000020047acd1e0 .part v00000200476a8b00_0, 31, 1;
L_0000020047acf760 .part v00000200476a8b00_0, 12, 1;
L_0000020047acd5a0 .part L_00000200476a7fc0, 27, 1;
L_0000020047acd640 .part v00000200476a8b00_0, 30, 1;
L_0000020047ace040 .part v00000200476a8b00_0, 11, 1;
L_0000020047acec20 .part L_00000200476a7fc0, 28, 1;
L_0000020047acf620 .part v00000200476a8b00_0, 29, 1;
L_0000020047acecc0 .part v00000200476a8b00_0, 10, 1;
L_0000020047acdc80 .part L_00000200476a7fc0, 29, 1;
L_0000020047acee00 .part v00000200476a8b00_0, 28, 1;
L_0000020047acdb40 .part v00000200476a8b00_0, 9, 1;
L_0000020047acd6e0 .part L_00000200476a7fc0, 30, 1;
L_0000020047acda00 .part v00000200476a8b00_0, 27, 1;
L_0000020047acf1c0 .part v00000200476a8b00_0, 8, 1;
L_0000020047acf6c0 .part L_00000200476a7fc0, 31, 1;
L_0000020047acdbe0 .part v00000200476a8b00_0, 26, 1;
L_0000020047acd320 .part v00000200476a8b00_0, 7, 1;
L_0000020047ace860 .part L_00000200476a7fc0, 32, 1;
L_0000020047acd3c0 .part v00000200476a8b00_0, 25, 1;
L_0000020047ace0e0 .part v00000200476a8b00_0, 6, 1;
L_0000020047acf300 .part L_00000200476a7fc0, 33, 1;
L_0000020047ace2c0 .part v00000200476a8b00_0, 24, 1;
L_0000020047ace360 .part v00000200476a8b00_0, 5, 1;
L_0000020047aceea0 .part L_00000200476a7fc0, 34, 1;
L_0000020047ace400 .part v00000200476a8b00_0, 23, 1;
L_0000020047ace4a0 .part v00000200476a8b00_0, 4, 1;
L_0000020047acd820 .part L_00000200476a7fc0, 35, 1;
L_0000020047ace5e0 .part v00000200476a8b00_0, 22, 1;
L_0000020047acef40 .part v00000200476a8b00_0, 3, 1;
L_0000020047acd8c0 .part L_00000200476a7fc0, 36, 1;
L_0000020047acf260 .part v00000200476a8b00_0, 21, 1;
L_0000020047acefe0 .part v00000200476a8b00_0, 2, 1;
L_0000020047acf800 .part L_00000200476a7fc0, 37, 1;
L_0000020047acd960 .part v00000200476a8b00_0, 20, 1;
L_0000020047acdd20 .part v00000200476a8b00_0, 1, 1;
L_0000020047acf3a0 .part L_00000200476a7fc0, 38, 1;
L_0000020047ace540 .part v00000200476a8b00_0, 19, 1;
L_0000020047ace680 .part v00000200476a8b00_0, 0, 1;
L_0000020047acf440 .part L_00000200476a7fc0, 39, 1;
L_0000020047ad0c00 .part v00000200476a8b00_0, 18, 1;
L_0000020047ad05c0 .part L_0000020047adc610, 0, 1;
L_0000020047ad00c0 .part L_00000200476a7fc0, 40, 1;
L_0000020047ad0700 .part v00000200476a8b00_0, 17, 1;
L_0000020047ad0ca0 .part L_0000020047adc610, 1, 1;
L_0000020047ad0200 .part L_00000200476a7fc0, 41, 1;
L_0000020047acf8a0 .part v00000200476a8b00_0, 16, 1;
L_0000020047ad0520 .part L_0000020047adc610, 2, 1;
L_0000020047ad0d40 .part L_00000200476a7fc0, 42, 1;
L_0000020047ad0de0 .part v00000200476a8b00_0, 15, 1;
L_0000020047ad03e0 .part L_0000020047adc610, 3, 1;
L_0000020047ad02a0 .part L_00000200476a7fc0, 43, 1;
L_0000020047acfee0 .part v00000200476a8b00_0, 14, 1;
L_0000020047acfd00 .part L_0000020047adc610, 4, 1;
L_0000020047ad0840 .part L_00000200476a7fc0, 44, 1;
L_0000020047ad0a20 .part v00000200476a8b00_0, 13, 1;
L_0000020047ad0340 .part L_0000020047adc610, 5, 1;
L_0000020047ad0e80 .part L_00000200476a7fc0, 45, 1;
L_0000020047acfa80 .part v00000200476a8b00_0, 12, 1;
L_0000020047ad0160 .part L_0000020047adc610, 6, 1;
L_0000020047ad0660 .part L_00000200476a7fc0, 46, 1;
L_0000020047ad0480 .part v00000200476a8b00_0, 11, 1;
L_0000020047acf940 .part L_0000020047adc610, 7, 1;
L_0000020047ad07a0 .part L_00000200476a7fc0, 47, 1;
L_0000020047acff80 .part v00000200476a8b00_0, 10, 1;
L_0000020047acf9e0 .part L_0000020047adc610, 8, 1;
L_0000020047acfda0 .part L_00000200476a7fc0, 48, 1;
L_0000020047ad08e0 .part v00000200476a8b00_0, 9, 1;
L_0000020047acfb20 .part L_0000020047adc610, 9, 1;
L_0000020047ad0980 .part L_00000200476a7fc0, 49, 1;
L_0000020047ad0020 .part v00000200476a8b00_0, 8, 1;
L_0000020047ad0ac0 .part L_0000020047adc610, 10, 1;
L_0000020047acfbc0 .part L_00000200476a7fc0, 50, 1;
L_0000020047ad0b60 .part v00000200476a8b00_0, 7, 1;
L_0000020047ad0f20 .part L_0000020047adc610, 11, 1;
L_0000020047acfc60 .part L_00000200476a7fc0, 51, 1;
L_0000020047acfe40 .part v00000200476a8b00_0, 6, 1;
L_0000020047adb2b0 .part L_0000020047adc610, 12, 1;
L_0000020047adcf70 .part L_00000200476a7fc0, 52, 1;
L_0000020047adc390 .part v00000200476a8b00_0, 5, 1;
L_0000020047adb3f0 .part L_0000020047adc610, 13, 1;
L_0000020047ada810 .part L_00000200476a7fc0, 53, 1;
L_0000020047adbfd0 .part v00000200476a8b00_0, 4, 1;
L_0000020047adb030 .part L_0000020047adc610, 14, 1;
L_0000020047adb8f0 .part L_00000200476a7fc0, 54, 1;
L_0000020047adb530 .part v00000200476a8b00_0, 3, 1;
L_0000020047adb0d0 .part L_0000020047adc610, 15, 1;
L_0000020047adb5d0 .part L_00000200476a7fc0, 55, 1;
L_0000020047adabd0 .part v00000200476a8b00_0, 2, 1;
L_0000020047adba30 .part L_0000020047adc610, 16, 1;
L_0000020047adbe90 .part L_00000200476a7fc0, 56, 1;
L_0000020047adc250 .part v00000200476a8b00_0, 1, 1;
L_0000020047adbc10 .part L_0000020047adc610, 17, 1;
L_0000020047adb670 .part L_00000200476a7fc0, 57, 1;
L_0000020047adaa90 .part v00000200476a8b00_0, 0, 1;
L_0000020047adcc50 .part L_0000020047adc610, 18, 1;
L_0000020047adc4d0 .part L_00000200476a7fc0, 58, 1;
L_0000020047adb350 .part L_0000020047adc610, 0, 1;
L_0000020047adc890 .part L_0000020047adc610, 19, 1;
L_0000020047adb210 .part L_00000200476a7fc0, 59, 1;
L_0000020047adb490 .part L_0000020047adc610, 1, 1;
L_0000020047adb7b0 .part L_0000020047adc610, 20, 1;
L_0000020047ada8b0 .part L_00000200476a7fc0, 60, 1;
L_0000020047adc570 .part L_0000020047adc610, 2, 1;
L_0000020047adb990 .part L_0000020047adc610, 21, 1;
L_0000020047adbf30 .part L_00000200476a7fc0, 61, 1;
L_0000020047adb850 .part L_0000020047adc610, 3, 1;
L_0000020047ada950 .part L_0000020047adc610, 22, 1;
L_0000020047adccf0 .part L_00000200476a7fc0, 62, 1;
L_0000020047adc430 .part L_0000020047adc610, 4, 1;
L_0000020047adab30 .part L_0000020047adc610, 23, 1;
LS_0000020047adc610_0_0 .concat8 [ 1 1 1 1], L_000002004767fe70, L_000002004767f460, L_000002004767f4d0, L_000002004767f700;
LS_0000020047adc610_0_4 .concat8 [ 1 1 1 1], L_000002004767f770, L_000002004767f850, L_000002004767f8c0, L_000002004767faf0;
LS_0000020047adc610_0_8 .concat8 [ 1 1 1 1], L_0000020047acc860, L_0000020047acc390, L_0000020047acccc0, L_0000020047acc400;
LS_0000020047adc610_0_12 .concat8 [ 1 1 1 1], L_0000020047acc550, L_0000020047acc080, L_0000020047acca90, L_0000020047acc2b0;
LS_0000020047adc610_0_16 .concat8 [ 1 1 1 1], L_0000020047accc50, L_0000020047acc160, L_0000020047accbe0, L_0000020047acce80;
LS_0000020047adc610_0_20 .concat8 [ 1 1 1 1], L_0000020047acc4e0, L_0000020047acc8d0, L_0000020047acc940, L_0000020047acc1d0;
LS_0000020047adc610_0_24 .concat8 [ 1 1 1 1], L_0000020047acc240, L_0000020047accda0, L_0000020047ad5cf0, L_0000020047ad5120;
LS_0000020047adc610_0_28 .concat8 [ 1 1 1 1], L_0000020047ad5190, L_0000020047ad5740, L_0000020047ad56d0, L_0000020047ad50b0;
LS_0000020047adc610_0_32 .concat8 [ 1 1 1 1], L_0000020047ad5a50, L_0000020047ad57b0, L_0000020047ad5ba0, L_0000020047ad5e40;
LS_0000020047adc610_0_36 .concat8 [ 1 1 1 1], L_0000020047ad5eb0, L_0000020047ad5f20, L_0000020047ad5f90, L_0000020047ad5350;
LS_0000020047adc610_0_40 .concat8 [ 1 1 1 1], L_0000020047ad54a0, L_0000020047ad5580, L_0000020047ad55f0, L_0000020047ad7990;
LS_0000020047adc610_0_44 .concat8 [ 1 1 1 1], L_0000020047ad6ff0, L_0000020047ad7290, L_0000020047ad76f0, L_0000020047ad7ae0;
LS_0000020047adc610_0_48 .concat8 [ 1 1 1 1], L_0000020047ad7a00, L_0000020047ad7530, L_0000020047ad7300, L_0000020047ad7450;
LS_0000020047adc610_0_52 .concat8 [ 1 1 1 1], L_0000020047ad7370, L_0000020047ad7840, L_0000020047ad7bc0, L_0000020047ad7760;
LS_0000020047adc610_0_56 .concat8 [ 1 1 1 1], L_0000020047ad77d0, L_0000020047ad7c30, L_0000020047ad78b0, L_0000020047ad7920;
LS_0000020047adc610_0_60 .concat8 [ 1 1 1 1], L_0000020047ad7d80, L_00000200476ab7c0, L_00000200476acbe0, L_00000200476ac0f0;
LS_0000020047adc610_1_0 .concat8 [ 4 4 4 4], LS_0000020047adc610_0_0, LS_0000020047adc610_0_4, LS_0000020047adc610_0_8, LS_0000020047adc610_0_12;
LS_0000020047adc610_1_4 .concat8 [ 4 4 4 4], LS_0000020047adc610_0_16, LS_0000020047adc610_0_20, LS_0000020047adc610_0_24, LS_0000020047adc610_0_28;
LS_0000020047adc610_1_8 .concat8 [ 4 4 4 4], LS_0000020047adc610_0_32, LS_0000020047adc610_0_36, LS_0000020047adc610_0_40, LS_0000020047adc610_0_44;
LS_0000020047adc610_1_12 .concat8 [ 4 4 4 4], LS_0000020047adc610_0_48, LS_0000020047adc610_0_52, LS_0000020047adc610_0_56, LS_0000020047adc610_0_60;
L_0000020047adc610 .concat8 [ 16 16 16 16], LS_0000020047adc610_1_0, LS_0000020047adc610_1_4, LS_0000020047adc610_1_8, LS_0000020047adc610_1_12;
L_0000020047adaef0 .part L_00000200476a7fc0, 63, 1;
L_0000020047adbcb0 .part L_0000020047adc610, 5, 1;
L_0000020047adc6b0 .part L_0000020047adc610, 24, 1;
    .scope S_000002004761fcd0;
T_0 ;
    %wait E_000002004767b100;
    %load/vec4 v000002004762cae0_0;
    %nor/r;
    %flag_set/vec4 8;
    %jmp/0xz  T_0.0, 8;
    %pushi/vec4 0, 0, 1;
    %assign/vec4 v000002004762ca40_0, 0;
    %jmp T_0.1;
T_0.0 ;
    %load/vec4 v000002004762ca40_0;
    %pad/u 32;
    %cmpi/e 1, 0, 32;
    %jmp/0xz  T_0.2, 4;
    %pushi/vec4 0, 0, 1;
    %assign/vec4 v000002004762ca40_0, 0;
    %jmp T_0.3;
T_0.2 ;
    %load/vec4 v000002004762ca40_0;
    %addi 1, 0, 1;
    %assign/vec4 v000002004762ca40_0, 0;
T_0.3 ;
T_0.1 ;
    %jmp T_0;
    .thread T_0;
    .scope S_000002004761fcd0;
T_1 ;
    %wait E_000002004767b100;
    %load/vec4 v000002004762cae0_0;
    %nor/r;
    %flag_set/vec4 8;
    %jmp/0xz  T_1.0, 8;
    %pushi/vec4 0, 0, 32;
    %assign/vec4 v000002004767cb50_0, 0;
    %pushi/vec4 0, 0, 4;
    %assign/vec4 v000002004767bbb0_0, 0;
    %jmp T_1.1;
T_1.0 ;
    %load/vec4 v000002004767c790_0;
    %assign/vec4 v000002004767cb50_0, 0;
    %load/vec4 v000002004767cfb0_0;
    %assign/vec4 v000002004767bbb0_0, 0;
T_1.1 ;
    %jmp T_1;
    .thread T_1;
    .scope S_000002004761c3f0;
T_2 ;
    %wait E_000002004767b100;
    %load/vec4 v00000200476a7660_0;
    %nor/r;
    %flag_set/vec4 8;
    %jmp/0xz  T_2.0, 8;
    %pushi/vec4 1, 0, 58;
    %assign/vec4 v00000200476a8b00_0, 0;
    %pushi/vec4 0, 0, 64;
    %assign/vec4 v00000200476a89c0_0, 0;
    %jmp T_2.1;
T_2.0 ;
    %load/vec4 v00000200476a77a0_0;
    %flag_set/vec4 8;
    %jmp/0xz  T_2.2, 8;
    %load/vec4 v00000200476a9460_0;
    %assign/vec4 v00000200476a89c0_0, 0;
    %load/vec4 v00000200476a9460_0;
    %parti/s 61, 3, 3;
    %pad/u 58;
    %assign/vec4 v00000200476a8b00_0, 0;
    %jmp T_2.3;
T_2.2 ;
    %load/vec4 v00000200476a89c0_0;
    %assign/vec4 v00000200476a89c0_0, 0;
    %load/vec4 v00000200476a8b00_0;
    %assign/vec4 v00000200476a8b00_0, 0;
T_2.3 ;
T_2.1 ;
    %jmp T_2;
    .thread T_2;
    .scope S_0000020047682000;
T_3 ;
    %pushi/vec4 0, 0, 1;
    %store/vec4 v00000200476a8060_0, 0, 1;
T_3.0 ;
    %delay 5000, 0;
    %load/vec4 v00000200476a8060_0;
    %inv;
    %store/vec4 v00000200476a8060_0, 0, 1;
    %jmp T_3.0;
    %end;
    .thread T_3;
    .scope S_0000020047682000;
T_4 ;
    %vpi_call 2 43 "$dumpfile", "./fsdb/tb_scambler.vcd" {0 0 0};
    %vpi_call 2 44 "$dumpvars", 32'sb00000000000000000000000000000000, S_0000020047682000 {0 0 0};
    %pushi/vec4 0, 0, 1;
    %store/vec4 v00000200476a8920_0, 0, 1;
    %pushi/vec4 0, 0, 32;
    %store/vec4 v00000200476a9aa0_0, 0, 32;
    %pushi/vec4 0, 0, 4;
    %store/vec4 v00000200476a8e20_0, 0, 4;
    %delay 20000, 0;
    %pushi/vec4 1, 0, 1;
    %store/vec4 v00000200476a8920_0, 0, 1;
    %pushi/vec4 8, 0, 32;
T_4.0 %dup/vec4;
    %pushi/vec4 0, 0, 32;
    %cmp/s;
    %jmp/1xz T_4.1, 5;
    %jmp/1 T_4.1, 4;
    %pushi/vec4 1, 0, 32;
    %sub;
    %wait E_000002004767a380;
    %vpi_func 2 56 "$random" 32 {0 0 0};
    %assign/vec4 v00000200476a9aa0_0, 0;
    %vpi_func 2 57 "$random" 32 {0 0 0};
    %pushi/vec4 1, 0, 32;
    %and;
    %pad/u 4;
    %assign/vec4 v00000200476a8e20_0, 0;
    %jmp T_4.0;
T_4.1 ;
    %pop/vec4 1;
    %wait E_000002004767a380;
    %pushi/vec4 2779096485, 0, 32;
    %assign/vec4 v00000200476a9aa0_0, 0;
    %pushi/vec4 0, 0, 4;
    %assign/vec4 v00000200476a8e20_0, 0;
    %wait E_000002004767a380;
    %pushi/vec4 1515870810, 0, 32;
    %assign/vec4 v00000200476a9aa0_0, 0;
    %pushi/vec4 15, 0, 4;
    %assign/vec4 v00000200476a8e20_0, 0;
    %wait E_000002004767a380;
    %pushi/vec4 4294901760, 0, 32;
    %assign/vec4 v00000200476a9aa0_0, 0;
    %pushi/vec4 1, 0, 4;
    %assign/vec4 v00000200476a8e20_0, 0;
    %delay 100000, 0;
    %vpi_call 2 66 "$display", "Simulation finished" {0 0 0};
    %vpi_call 2 67 "$finish" {0 0 0};
    %end;
    .thread T_4;
    .scope S_0000020047682000;
T_5 ;
    %wait E_000002004767ab00;
    %load/vec4 v00000200476a8920_0;
    %flag_set/vec4 8;
    %jmp/0xz  T_5.0, 8;
    %vpi_call 2 73 "$display", "%0t ns: data_in=%h control_in=%b -> data_out=%h", $time, v00000200476a9aa0_0, v00000200476a8e20_0, v00000200476a7980_0 {0 0 0};
T_5.0 ;
    %jmp T_5;
    .thread T_5;
# The file index is used to find the file name in the following table.
:file_names 6;
    "N/A";
    "<interactive>";
    ".\tb_scrambler.v";
    "././scrambler_test.v";
    "././gearbox_test.v";
    "././LFSR_test.v";
